2024-11-16 23:07:42,278 - happiness_score - INFO - Loading preprocessing pipeline from /workspaces/happiness_prediction/experiments/experiment_20241116_230722/preprocessing_pipeline.pkl
2024-11-16 23:07:42,279 - happiness_score - INFO - Loading model from /workspaces/happiness_prediction/models/best_model.pkl
2024-11-16 23:07:42,310 - happiness_score - INFO - Model artifacts loaded successfully
2024-11-16 23:07:42,311 - happiness_score - INFO - Loading data from URL...
2024-11-16 23:07:42,311 - happiness_score - INFO - Loading data from URL...
2024-11-16 23:07:42,502 - happiness_score - INFO - Data loaded successfully. Shape: (158, 12)
2024-11-16 23:07:42,502 - happiness_score - INFO - Data loaded successfully. Shape: (158, 12)
2024-11-16 23:07:42,502 - happiness_score - INFO - Starting initial data cleaning...
2024-11-16 23:07:42,502 - happiness_score - INFO - Starting initial data cleaning...
2024-11-16 23:07:42,503 - happiness_score - INFO - Removed 5 columns
2024-11-16 23:07:42,503 - happiness_score - INFO - Removed 5 columns
2024-11-16 23:07:42,505 - happiness_score - INFO - Removed 0 duplicate rows
2024-11-16 23:07:42,505 - happiness_score - INFO - Removed 0 duplicate rows
2024-11-16 23:07:42,506 - happiness_score - INFO - Removed 0 rows with missing values
2024-11-16 23:07:42,506 - happiness_score - INFO - Removed 0 rows with missing values
2024-11-16 23:07:42,507 - happiness_score - INFO - Removed 6 outlier rows
2024-11-16 23:07:42,507 - happiness_score - INFO - Removed 6 outlier rows
2024-11-16 23:07:42,507 - happiness_score - INFO - Original shape: (158, 12)
2024-11-16 23:07:42,507 - happiness_score - INFO - Original shape: (158, 12)
2024-11-16 23:07:42,508 - happiness_score - INFO - Cleaned shape: (152, 7)
2024-11-16 23:07:42,508 - happiness_score - INFO - Cleaned shape: (152, 7)
2024-11-16 23:07:42,508 - happiness_score - INFO - Removed 6 rows in total
2024-11-16 23:07:42,508 - happiness_score - INFO - Removed 6 rows in total
2024-11-16 23:07:42,508 - happiness_score - INFO - Validating data...
2024-11-16 23:07:42,508 - happiness_score - INFO - Validating data...
2024-11-16 23:07:42,509 - happiness_score - INFO - Data types:
Happiness Score                  float64
Economy (GDP per Capita)         float64
Family                           float64
Health (Life Expectancy)         float64
Freedom                          float64
Trust (Government Corruption)    float64
Generosity                       float64
dtype: object
2024-11-16 23:07:42,509 - happiness_score - INFO - Data types:
Happiness Score                  float64
Economy (GDP per Capita)         float64
Family                           float64
Health (Life Expectancy)         float64
Freedom                          float64
Trust (Government Corruption)    float64
Generosity                       float64
dtype: object
2024-11-16 23:07:42,523 - happiness_score - INFO - Data statistics calculated
2024-11-16 23:07:42,523 - happiness_score - INFO - Data statistics calculated
2024-11-16 23:07:42,523 - happiness_score - INFO - Saving cleaned data to /workspaces/happiness_prediction/data/clean_data.csv
2024-11-16 23:07:42,523 - happiness_score - INFO - Saving cleaned data to /workspaces/happiness_prediction/data/clean_data.csv
2024-11-16 23:07:42,525 - happiness_score - INFO - Data saved successfully
2024-11-16 23:07:42,525 - happiness_score - INFO - Data saved successfully
2024-11-16 23:07:42,525 - happiness_score - INFO - Data loading, cleaning, and saving completed successfully
2024-11-16 23:07:42,525 - happiness_score - INFO - Data loading, cleaning, and saving completed successfully
2024-11-16 23:07:42,526 - happiness_score - INFO - Transforming data...
2024-11-16 23:07:42,526 - happiness_score - INFO - Transforming data...
2024-11-16 23:07:42,529 - happiness_score - INFO - Data transformation completed
2024-11-16 23:07:42,529 - happiness_score - INFO - Data transformation completed
