2024-11-16 21:41:42,371 - happiness_score - INFO - Loading data from URL...
2024-11-16 21:41:42,564 - happiness_score - INFO - Data loaded successfully. Shape: (158, 12)
2024-11-16 21:41:42,565 - happiness_score - INFO - Starting initial data cleaning...
2024-11-16 21:41:42,571 - happiness_score - INFO - Removed 5 columns
2024-11-16 21:41:42,574 - happiness_score - INFO - Removed 0 duplicate rows
2024-11-16 21:41:42,576 - happiness_score - INFO - Removed 0 rows with missing values
2024-11-16 21:41:42,577 - happiness_score - INFO - Removed 6 outlier rows
2024-11-16 21:41:42,577 - happiness_score - INFO - Original shape: (158, 12)
2024-11-16 21:41:42,577 - happiness_score - INFO - Cleaned shape: (152, 7)
2024-11-16 21:41:42,577 - happiness_score - INFO - Removed 6 rows in total
2024-11-16 21:41:42,577 - happiness_score - INFO - Validating data...
2024-11-16 21:41:42,578 - happiness_score - INFO - Data types:
Happiness Score                  float64
Economy (GDP per Capita)         float64
Family                           float64
Health (Life Expectancy)         float64
Freedom                          float64
Trust (Government Corruption)    float64
Generosity                       float64
dtype: object
2024-11-16 21:41:42,595 - happiness_score - INFO - Data statistics calculated
2024-11-16 21:41:42,596 - happiness_score - INFO - Saving cleaned data to /workspaces/happiness_prediction/src/data/clean_data.csv
2024-11-16 21:41:42,598 - happiness_score - INFO - Data saved successfully
2024-11-16 21:41:42,598 - happiness_score - INFO - Data loading, cleaning, and saving completed successfully
